<?xml version="1.0" encoding="UTF-8"?>
<!-- Generated by org.testng.reporters.JUnitReportReporter -->
<testsuite skipped="0" hostname="mamta-PC" name="Login.navigation" tests="2" failures="0" timestamp="20 May 2017 11:40:57 GMT" time="50.095" errors="0">
  <testcase name="searchflight_Domestic" time="15.466" classname="Login.navigation"/>
  <testcase name="Launch" time="34.629" classname="Login.navigation"/>
</testsuite> <!-- Login.navigation -->
