<?xml version="1.0" encoding="UTF-8"?>
<!-- Generated by org.testng.reporters.JUnitReportReporter -->
<testsuite skipped="0" hostname="mamta-PC" name="baseline.BrowserSetup" tests="2" failures="0" timestamp="20 May 2017 10:50:33 GMT" time="0.008" errors="1">
  <testcase name="temp" time="0.008" classname="baseline.BrowserSetup"/>
  <testcase name="CloseApplication" time="0.000" classname="baseline.BrowserSetup">
    <error type="java.lang.NullPointerException">
      <![CDATA[java.lang.NullPointerException
	at baseline.BrowserSetup.CloseApplication(BrowserSetup.java:34)
	at sun.reflect.NativeMethodAccessorImpl.invoke0(Native Method)
	at sun.reflect.NativeMethodAccessorImpl.invoke(Unknown Source)
	at sun.reflect.DelegatingMethodAccessorImpl.invoke(Unknown Source)
	at java.lang.reflect.Method.invoke(Unknown Source)
	at org.testng.internal.MethodInvocationHelper.invokeMethod(MethodInvocationHelper.java:104)
	at org.testng.internal.Invoker.invokeConfigurationMethod(Invoker.java:513)
	at org.testng.internal.Invoker.invokeConfigurations(Invoker.java:217)
	at org.testng.internal.Invoker.invokeConfigurations(Invoker.java:144)
	at org.testng.SuiteRunner.privateRun(SuiteRunner.java:357)
	at org.testng.SuiteRunner.run(SuiteRunner.java:289)
	at org.testng.SuiteRunnerWorker.runSuite(SuiteRunnerWorker.java:52)
	at org.testng.SuiteRunnerWorker.run(SuiteRunnerWorker.java:86)
	at org.testng.TestNG.runSuitesSequentially(TestNG.java:1299)
	at org.testng.TestNG.runSuitesLocally(TestNG.java:1224)
	at org.testng.TestNG.runSuites(TestNG.java:1139)
	at org.testng.TestNG.run(TestNG.java:1110)
	at org.testng.remote.AbstractRemoteTestNG.run(AbstractRemoteTestNG.java:132)
	at org.testng.remote.RemoteTestNG.initAndRun(RemoteTestNG.java:236)
	at org.testng.remote.RemoteTestNG.main(RemoteTestNG.java:81)
]]>
    </error>
  </testcase> <!-- CloseApplication -->
</testsuite> <!-- baseline.BrowserSetup -->
