<?xml version="1.0" encoding="UTF-8"?>
<!-- Generated by org.testng.reporters.JUnitReportReporter -->
<testsuite skipped="0" hostname="mamta-PC" name="Login.Domestic_Booking_OneWay" tests="1" failures="0" timestamp="20 May 2017 13:43:33 GMT" time="43.891" errors="0">
  <testcase name="searchflight_Domestic_Oneway" time="43.891" classname="Login.Domestic_Booking_OneWay"/>
</testsuite> <!-- Login.Domestic_Booking_OneWay -->
